<?xml version="1.0" encoding="UTF-8"?>
<!-- Generated by org.testng.reporters.JUnitReportReporter -->
<testsuite hostname="mr-patel1" failures="0" tests="1" name="com.eCommerce.runner.Runner" time="0.120" errors="1" timestamp="2025-03-14T07:59:51 IST" skipped="0">
  <testcase classname="com.eCommerce.runner.Runner" name="runScenario" time="0.120">
    <error message="Cannot invoke &quot;org.openqa.selenium.WebDriver.getCurrentUrl()&quot; because &quot;this.driver&quot; is null" type="java.lang.NullPointerException">
      <![CDATA[java.lang.NullPointerException: Cannot invoke "org.openqa.selenium.WebDriver.getCurrentUrl()" because "this.driver" is null
at com.eCommerceAutomation.stepDefinitions.SignupSteps.user_verifies_that_the_home_page_is_visible(SignupSteps.java:20)
at ✽.User verifies that the home page is visible(file:///C:/Users/Rohit%20patel/eclipse-workspace/Project_Workspace/eCommerce_Automation_Capstone_Project/src/test/resources/Features/Signup.feature:6)
]]>
    </error>
  </testcase> <!-- runScenario -->
  <system-out/>
</testsuite> <!-- com.eCommerce.runner.Runner -->
